Refreshing Terraform state in-memory prior to plan...
The refreshed state will be used to calculate this plan, but will not be
persisted to local or remote state storage.

tls_private_key.ssh: Refreshing state... (ID: 4549266471c79dfe3029f2adc32f651b86439a54)
baremetal_core_virtual_network.CompleteVCN: Refreshing state... (ID: ocid1.vcn.oc1.iad.aaaaaaaa7y5o2n5nkkz34oo3ied5npgsuopnabfopvqa6w7qwn7bzj55ttta)
data.baremetal_identity_availability_domains.ADs: Refreshing state...
data.baremetal_core_images.OracleLinuxImageOCID: Refreshing state...
baremetal_core_internet_gateway.CompleteIG: Refreshing state... (ID: ocid1.internetgateway.oc1.iad.aaaaaaaac...55etjgekv6rhh5vjxvxzu46vg6turpebnr66oa)
baremetal_core_security_list.monitoring: Refreshing state... (ID: ocid1.securitylist.oc1.iad.aaaaaaaagpkq...b7dcgghsgu7pc23d5asxbjn3vjd5pxjxo6qeaq)
baremetal_core_security_list.logging: Refreshing state... (ID: ocid1.securitylist.oc1.iad.aaaaaaaavhgm...uob3uza2qz3ykbs5pl6vvyfnaut765t435ubua)
baremetal_core_route_table.RouteForComplete: Refreshing state... (ID: ocid1.routetable.oc1.iad.aaaaaaaayvjg3j...2ahn7knlha5jmzccgbu2tc57ofmuhzhkzw3wtq)
baremetal_core_subnet.subnet: Refreshing state... (ID: ocid1.subnet.oc1.iad.aaaaaaaawdd4fm7psj...pxtxxtxfgib7pmy2cqekk7hxyzwxm5lr6a6cdq)
baremetal_core_subnet.subnet: Refreshing state... (ID: ocid1.subnet.oc1.iad.aaaaaaaauyslqcp74b...drqlrn4r3dou7ejxxpz722styttola6whgxraa)
baremetal_core_subnet.subnet: Refreshing state... (ID: ocid1.subnet.oc1.iad.aaaaaaaawpmkfazazz...4mmbqghjtyfyiw3b6mb4grqqtlta6pmemlevhq)
baremetal_core_subnet.subnet: Refreshing state... (ID: ocid1.subnet.oc1.iad.aaaaaaaarzopbn6ofb...2xts6furvdtcdrfos4sce4zgu4iwwj4sem4qsq)
baremetal_core_instance.monitoring-instance: Refreshing state... (ID: ocid1.instance.oc1.iad.abuwcljsjds76bhl...v3tnmphjlryr7wslyf4gjpojxlgaqls4fxxkga)
baremetal_core_instance.logging-instance: Refreshing state... (ID: ocid1.instance.oc1.iad.abuwcljt4b2ysc67...dzdsfi37rfzip7nhsuqduzsusqpkdupg6qwu6q)
baremetal_core_volume.block: Refreshing state... (ID: ocid1.volume.oc1.iad.abuwcljssvk6jdm6g7...tvxsqztjrwjmja6f35pvkxqujf3lork25l6aua)
baremetal_core_volume.block: Refreshing state... (ID: ocid1.volume.oc1.iad.abuwcljthdyvkircay...yiqhh4cmpn2zksq2jeodktdq6ttvanzdhe44oq)
baremetal_core_volume_attachment.attach: Refreshing state... (ID: ocid1.volumeattachment.oc1.iad.abuwcljs...h47o7gkkabpycofcp4grz4juef45hr3brxk5qa)
baremetal_core_volume_attachment.attach: Refreshing state... (ID: ocid1.volumeattachment.oc1.iad.abuwcljt...nu3sn57rhzkkwtb77u77cheaq4cpbcqnrwf5ga)
null_resource.remote-exec: Refreshing state... (ID: 661638808556081118)
null_resource.remote-exec: Refreshing state... (ID: 1623513603947278960)

------------------------------------------------------------------------

An execution plan has been generated and is shown below.
Resource actions are indicated with the following symbols:
-/+ destroy and then create replacement

Terraform will perform the following actions:

-/+ baremetal_core_instance.monitoring-instance (new resource required)
      id:                                    "ocid1.instance.oc1.iad.abuwcljsjds76bhlskupf3v3tnmphjlryr7wslyf4gjpojxlgaqls4fxxkga" => <computed> (forces new resource)
      availability_domain:                   "jGnV:US-ASHBURN-AD-2" => "jGnV:US-ASHBURN-AD-1" (forces new resource)
      compartment_id:                        "ocid1.compartment.oc1..aaaaaaaaoukqmttw335fk3fv6ttaw7hvuf7o6d6sofhchdmofcpe34usvkpa" => "ocid1.compartment.oc1..aaaaaaaaoukqmttw335fk3fv6ttaw7hvuf7o6d6sofhchdmofcpe34usvkpa"
      display_name:                          "madhuseelam-madhu-dev-monitoring-2001" => "madhuseelam-madhu-dev-monitoring-1001"
      extended_metadata.%:                   "2" => "2"
      extended_metadata.ssh_authorized_keys: "ssh-rsa AAAAB3NzaC1yc2EAAAADAQABAAABAQCrBv1lgIijrBiZzL/IQP3rLwvedZPY0iNYPnWVn0JK3Tru13RMHXRd5W83UR6vXax7bWQEVNHNX0S3PF+4GGw7d5gnxuE9LME5sPA4OVKnQ+KGAhT0YxrSO3pR4dXMKq/RAavp6WrOKIOY+MteAUOkxGeTak1sWdkWZUeuWezGd72gaA5uLFgO96xM2+7O0vJZKYy1bOWHhgS6vGr+DcKLAvWAnyvkSmwJoLgN+Q8dg2oyjkmf3khfh479eT9vh8aJvVQtGu63S5rOx6uOXajMkYv0Db/ERVlKRi373mldknMKTxmCFphI+nvUUNyuIPsG/PyQXTOwKF7LPUUEVYCz\n" => "ssh-rsa AAAAB3NzaC1yc2EAAAADAQABAAABAQCrBv1lgIijrBiZzL/IQP3rLwvedZPY0iNYPnWVn0JK3Tru13RMHXRd5W83UR6vXax7bWQEVNHNX0S3PF+4GGw7d5gnxuE9LME5sPA4OVKnQ+KGAhT0YxrSO3pR4dXMKq/RAavp6WrOKIOY+MteAUOkxGeTak1sWdkWZUeuWezGd72gaA5uLFgO96xM2+7O0vJZKYy1bOWHhgS6vGr+DcKLAvWAnyvkSmwJoLgN+Q8dg2oyjkmf3khfh479eT9vh8aJvVQtGu63S5rOx6uOXajMkYv0Db/ERVlKRi373mldknMKTxmCFphI+nvUUNyuIPsG/PyQXTOwKF7LPUUEVYCz\n"
      extended_metadata.tags:                "group:monitoring" => "group:monitoring"
      hostname_label:                        "monitoring-2001" => "monitoring-1001"
      image:                                 "ocid1.image.oc1.iad.aaaaaaaajlw3xfie2t5t52uegyhiq2npx7bqyu4uvi2zyu3w3mqayc2bxmaa" => "ocid1.image.oc1.iad.aaaaaaaajlw3xfie2t5t52uegyhiq2npx7bqyu4uvi2zyu3w3mqayc2bxmaa"
      private_ip:                            "10.0.20.2" => <computed>
      public_ip:                             "129.213.33.148" => <computed>
      region:                                "iad" => <computed>
      shape:                                 "VM.Standard1.2" => "VM.Standard1.2"
      state:                                 "RUNNING" => <computed>
      subnet_id:                             "ocid1.subnet.oc1.iad.aaaaaaaawdd4fm7psj7fmvpxtxxtxfgib7pmy2cqekk7hxyzwxm5lr6a6cdq" => "${module.subnet-monitoring-1.id}" (forces new resource)
      time_created:                          "2018-04-23 12:17:20.183 +0000 UTC" => <computed>

-/+ module.monitoring-block-volume.baremetal_core_volume.block (new resource required)
      id:                                    "ocid1.volume.oc1.iad.abuwcljssvk6jdm6g7p2mytvxsqztjrwjmja6f35pvkxqujf3lork25l6aua" => <computed> (forces new resource)
      availability_domain:                   "jGnV:US-ASHBURN-AD-2" => "jGnV:US-ASHBURN-AD-1" (forces new resource)
      compartment_id:                        "ocid1.compartment.oc1..aaaaaaaaoukqmttw335fk3fv6ttaw7hvuf7o6d6sofhchdmofcpe34usvkpa" => "ocid1.compartment.oc1..aaaaaaaaoukqmttw335fk3fv6ttaw7hvuf7o6d6sofhchdmofcpe34usvkpa"
      display_name:                          "madhuseelam-madhu-dev-monitoring-volume" => "madhuseelam-madhu-dev-monitoring-volume"
      size_in_mbs:                           "262144" => "262144"
      state:                                 "AVAILABLE" => <computed>
      time_created:                          "2018-04-23 12:18:11.94 +0000 UTC" => <computed>

-/+ module.monitoring-block-volume.baremetal_core_volume_attachment.attach (new resource required)
      id:                                    "ocid1.volumeattachment.oc1.iad.abuwcljstifs5cgtvqb5yth47o7gkkabpycofcp4grz4juef45hr3brxk5qa" => <computed> (forces new resource)
      attachment_type:                       "iscsi" => "iscsi"
      availability_domain:                   "jGnV:US-ASHBURN-AD-2" => <computed>
      chap_secret:                           "" => <computed>
      chap_username:                         "" => <computed>
      compartment_id:                        "ocid1.compartment.oc1..aaaaaaaaoukqmttw335fk3fv6ttaw7hvuf7o6d6sofhchdmofcpe34usvkpa" => "ocid1.compartment.oc1..aaaaaaaaoukqmttw335fk3fv6ttaw7hvuf7o6d6sofhchdmofcpe34usvkpa"
      display_name:                          "volumeattachment20180423121821" => <computed>
      instance_id:                           "ocid1.instance.oc1.iad.abuwcljsjds76bhlskupf3v3tnmphjlryr7wslyf4gjpojxlgaqls4fxxkga" => "${var.instance_id}" (forces new resource)
      ipv4:                                  "169.254.2.2" => <computed>
      iqn:                                   "iqn.2015-12.com.oracleiaas:3ed3c41f-0424-4cc3-a8d7-f971112dbcc9" => <computed>
      port:                                  "3260" => <computed>
      state:                                 "ATTACHED" => <computed>
      time_created:                          "2018-04-23 12:18:21.862 +0000 UTC" => <computed>
      volume_id:                             "ocid1.volume.oc1.iad.abuwcljssvk6jdm6g7p2mytvxsqztjrwjmja6f35pvkxqujf3lork25l6aua" => "${baremetal_core_volume.block.id}" (forces new resource)

-/+ module.subnet-monitoring-1.baremetal_core_subnet.subnet (new resource required)
      id:                                    "ocid1.subnet.oc1.iad.aaaaaaaawdd4fm7psj7fmvpxtxxtxfgib7pmy2cqekk7hxyzwxm5lr6a6cdq" => <computed> (forces new resource)
      availability_domain:                   "jGnV:US-ASHBURN-AD-2" => "jGnV:US-ASHBURN-AD-1" (forces new resource)
      cidr_block:                            "10.0.20.0/24" => "10.0.20.0/24"
      compartment_id:                        "ocid1.compartment.oc1..aaaaaaaaoukqmttw335fk3fv6ttaw7hvuf7o6d6sofhchdmofcpe34usvkpa" => "ocid1.compartment.oc1..aaaaaaaaoukqmttw335fk3fv6ttaw7hvuf7o6d6sofhchdmofcpe34usvkpa"
      dhcp_options_id:                       "ocid1.dhcpoptions.oc1.iad.aaaaaaaafcuhcitxecb2s44mfsydo6yotcscgog3u65r5v5ukv5tv26aeduq" => "ocid1.dhcpoptions.oc1.iad.aaaaaaaafcuhcitxecb2s44mfsydo6yotcscgog3u65r5v5ukv5tv26aeduq"
      display_name:                          "monitoring-ad2" => "monitoring-ad1"
      dns_label:                             "monitoringad2" => "monitoringad1" (forces new resource)
      prohibit_public_ip_on_vnic:            "false" => "false"
      route_table_id:                        "ocid1.routetable.oc1.iad.aaaaaaaayvjg3jzn7m226h2ahn7knlha5jmzccgbu2tc57ofmuhzhkzw3wtq" => "ocid1.routetable.oc1.iad.aaaaaaaayvjg3jzn7m226h2ahn7knlha5jmzccgbu2tc57ofmuhzhkzw3wtq"
      security_list_ids.#:                   "1" => "1"
      security_list_ids.3917488957:          "ocid1.securitylist.oc1.iad.aaaaaaaagpkqctnvxgj62kb7dcgghsgu7pc23d5asxbjn3vjd5pxjxo6qeaq" => "ocid1.securitylist.oc1.iad.aaaaaaaagpkqctnvxgj62kb7dcgghsgu7pc23d5asxbjn3vjd5pxjxo6qeaq"
      state:                                 "AVAILABLE" => <computed>
      time_created:                          "2018-04-23 12:16:45.852 +0000 UTC" => <computed>
      vcn_id:                                "ocid1.vcn.oc1.iad.aaaaaaaa7y5o2n5nkkz34oo3ied5npgsuopnabfopvqa6w7qwn7bzj55ttta" => "ocid1.vcn.oc1.iad.aaaaaaaa7y5o2n5nkkz34oo3ied5npgsuopnabfopvqa6w7qwn7bzj55ttta"
      virtual_router_ip:                     "10.0.20.1" => <computed>
      virtual_router_mac:                    "00:00:17:A3:0A:2D" => <computed>

-/+ module.subnet-monitoring-2.baremetal_core_subnet.subnet (new resource required)
      id:                                    "ocid1.subnet.oc1.iad.aaaaaaaauyslqcp74bp6psdrqlrn4r3dou7ejxxpz722styttola6whgxraa" => <computed> (forces new resource)
      availability_domain:                   "jGnV:US-ASHBURN-AD-3" => "jGnV:US-ASHBURN-AD-2" (forces new resource)
      cidr_block:                            "10.0.22.0/24" => "10.0.22.0/24"
      compartment_id:                        "ocid1.compartment.oc1..aaaaaaaaoukqmttw335fk3fv6ttaw7hvuf7o6d6sofhchdmofcpe34usvkpa" => "ocid1.compartment.oc1..aaaaaaaaoukqmttw335fk3fv6ttaw7hvuf7o6d6sofhchdmofcpe34usvkpa"
      dhcp_options_id:                       "ocid1.dhcpoptions.oc1.iad.aaaaaaaafcuhcitxecb2s44mfsydo6yotcscgog3u65r5v5ukv5tv26aeduq" => "ocid1.dhcpoptions.oc1.iad.aaaaaaaafcuhcitxecb2s44mfsydo6yotcscgog3u65r5v5ukv5tv26aeduq"
      display_name:                          "monitoring-ad2-2" => "monitoring-ad1-2"
      dns_label:                             "monitoringad22" => "monitoringad12" (forces new resource)
      prohibit_public_ip_on_vnic:            "false" => "false"
      route_table_id:                        "ocid1.routetable.oc1.iad.aaaaaaaayvjg3jzn7m226h2ahn7knlha5jmzccgbu2tc57ofmuhzhkzw3wtq" => "ocid1.routetable.oc1.iad.aaaaaaaayvjg3jzn7m226h2ahn7knlha5jmzccgbu2tc57ofmuhzhkzw3wtq"
      security_list_ids.#:                   "1" => "1"
      security_list_ids.3917488957:          "ocid1.securitylist.oc1.iad.aaaaaaaagpkqctnvxgj62kb7dcgghsgu7pc23d5asxbjn3vjd5pxjxo6qeaq" => "ocid1.securitylist.oc1.iad.aaaaaaaagpkqctnvxgj62kb7dcgghsgu7pc23d5asxbjn3vjd5pxjxo6qeaq"
      state:                                 "AVAILABLE" => <computed>
      time_created:                          "2018-04-23 12:16:45.752 +0000 UTC" => <computed>
      vcn_id:                                "ocid1.vcn.oc1.iad.aaaaaaaa7y5o2n5nkkz34oo3ied5npgsuopnabfopvqa6w7qwn7bzj55ttta" => "ocid1.vcn.oc1.iad.aaaaaaaa7y5o2n5nkkz34oo3ied5npgsuopnabfopvqa6w7qwn7bzj55ttta"
      virtual_router_ip:                     "10.0.22.1" => <computed>
      virtual_router_mac:                    "00:00:17:A3:0A:2D" => <computed>
Plan: 5 to add, 0 to change, 5 to destroy.

------------------------------------------------------------------------

Note: You didn't specify an "-out" parameter to save this plan, so Terraform
can't guarantee that exactly these actions will be performed if
"terraform apply" is subsequently run.

